<?xml version="1.0" encoding="UTF-8"?>
<!-- Generated by org.testng.reporters.JUnitReportReporter -->
<testsuite skipped="0" hostname="NI-NTB-204" name="Jan16Aut.Selenium" tests="2" failures="0" timestamp="16 Jan 2019 21:34:21 GMT" time="0.012" errors="0">
  <testcase name="Sel1" time="0.010" classname="Jan16Aut.Selenium"/>
  <testcase name="Sel2" time="0.002" classname="Jan16Aut.Selenium"/>
</testsuite> <!-- Jan16Aut.Selenium -->
