<?xml version="1.0" encoding="UTF-8"?>
<!-- Generated by org.testng.reporters.JUnitReportReporter -->
<testsuite skipped="0" hostname="NI-NTB-204" name="Jan16Aut.AppiumTest" tests="2" failures="0" timestamp="16 Jan 2019 21:30:50 GMT" time="0.003" errors="0">
  <testcase name="AppiumTest2" time="0.002" classname="Jan16Aut.AppiumTest"/>
  <testcase name="AppiumTest1" time="0.001" classname="Jan16Aut.AppiumTest"/>
</testsuite> <!-- Jan16Aut.AppiumTest -->
