<?xml version="1.0" encoding="UTF-8"?>
<!-- Generated by org.testng.reporters.JUnitReportReporter -->
<testsuite skipped="0" hostname="NI-NTB-204" name="Jan16Aut.AppTest" tests="1" failures="0" timestamp="16 Jan 2019 21:30:50 GMT" time="0.001" errors="0">
  <testcase name="shouldAnswerWithTrue" time="0.001" classname="Jan16Aut.AppTest"/>
</testsuite> <!-- Jan16Aut.AppTest -->
