<?xml version="1.0" encoding="UTF-8"?>
<!-- Generated by org.testng.reporters.JUnitReportReporter -->
<testsuite skipped="0" hostname="NI-NTB-204" name="Jan16Aut.APITest" tests="2" failures="0" timestamp="16 Jan 2019 21:30:50 GMT" time="0.012" errors="0">
  <testcase name="APITest2" time="0.006" classname="Jan16Aut.APITest"/>
  <testcase name="APITest1" time="0.006" classname="Jan16Aut.APITest"/>
</testsuite> <!-- Jan16Aut.APITest -->
